\BOOKMARK [-1][-]{part.1}{Benutzerhandbuch}{}% 1
\BOOKMARK [0][-]{chapter.1}{Das System}{part.1}% 2
\BOOKMARK [1][-]{section.1.1}{Aufbau}{chapter.1}% 3
\BOOKMARK [1][-]{section.1.2}{Transmitterbox und Z\374ndboxen}{chapter.1}% 4
\BOOKMARK [1][-]{section.1.3}{Energieversorgung}{chapter.1}% 5
\BOOKMARK [1][-]{section.1.4}{Die Status-LEDs}{chapter.1}% 6
\BOOKMARK [1][-]{section.1.5}{Das LCD der Transmitterbox}{chapter.1}% 7
\BOOKMARK [1][-]{section.1.6}{Schalter an den Z\374ndboxen}{chapter.1}% 8
\BOOKMARK [0][-]{chapter.2}{Vorbereitung des PCs}{part.1}% 9
\BOOKMARK [1][-]{section.2.1}{Installation eines USB-RS232-Adapters}{chapter.2}% 10
\BOOKMARK [1][-]{section.2.2}{Einrichtung des Terminalprogramms}{chapter.2}% 11
\BOOKMARK [1][-]{section.2.3}{Einrichtung von Pyro Ignition Control}{chapter.2}% 12
\BOOKMARK [0][-]{chapter.3}{Kommunikation zwischen PC und Devices}{part.1}% 13
\BOOKMARK [1][-]{section.3.1}{Puttytel}{chapter.3}% 14
\BOOKMARK [2][-]{subsection.3.1.1}{Befehls\374bersicht}{section.3.1}% 15
\BOOKMARK [2][-]{subsection.3.1.2}{Konfiguration}{section.3.1}% 16
\BOOKMARK [2][-]{subsection.3.1.3}{System\374bersicht}{section.3.1}% 17
\BOOKMARK [2][-]{subsection.3.1.4}{Manuelles Senden}{section.3.1}% 18
\BOOKMARK [2][-]{subsection.3.1.5}{Funkmodul-Zugriff}{section.3.1}% 19
\BOOKMARK [1][-]{section.3.2}{GUI}{chapter.3}% 20
\BOOKMARK [0][-]{chapter.4}{Firmwareupdate}{part.1}% 21
\BOOKMARK [-1][-]{part.2}{Dokumentation}{}% 22
\BOOKMARK [0][-]{chapter.5}{Schaltpl\344ne \046 Layouts}{part.2}% 23
\BOOKMARK [0][-]{chapter.6}{Pinbelegung}{part.2}% 24
\BOOKMARK [0][-]{chapter.7}{Software}{part.2}% 25
\BOOKMARK [-1][-]{part.3}{Aufbauanleitung}{}% 26
\BOOKMARK [0][-]{chapter.8}{Materialliste}{part.3}% 27
\BOOKMARK [0][-]{chapter.9}{Platinenherstellung}{part.3}% 28
\BOOKMARK [0][-]{chapter.10}{Aufbau}{part.3}% 29
\BOOKMARK [1][-]{section.10.1}{Kabel}{chapter.10}% 30
\BOOKMARK [1][-]{section.10.2}{Platinen}{chapter.10}% 31
\BOOKMARK [1][-]{section.10.3}{Funkmodul-Adapter}{chapter.10}% 32
\BOOKMARK [1][-]{section.10.4}{Peripherie}{chapter.10}% 33
\BOOKMARK [2][-]{subsection.10.4.1}{Transmitter}{section.10.4}% 34
\BOOKMARK [2][-]{subsection.10.4.2}{Z\374ndbox}{section.10.4}% 35
\BOOKMARK [2][-]{subsection.10.4.3}{Koffer}{section.10.4}% 36
\BOOKMARK [0][-]{chapter.11}{Aufspielen des Bootloaders}{part.3}% 37
\BOOKMARK [0][-]{chapter.12}{Tipps und Tricks}{part.3}% 38
\BOOKMARK [1][-]{section.12.1}{LCD an 3,3V}{chapter.12}% 39
\BOOKMARK [1][-]{section.12.2}{Antennenbau}{chapter.12}% 40
\BOOKMARK [1][-]{section.12.3}{Kompilieren der Firmware}{chapter.12}% 41
